Determining if the pthread_create exist failed with the following output:
Change Dir: /home/andy/catkin_ws/src/anglerfish/imu_filter_madgwick/build/CMakeFiles/CMakeTmp

Run Build Command:/usr/bin/make "cmTryCompileExec4235969233/fast"
make[1]: Entering directory `/home/andy/catkin_ws/src/anglerfish/imu_filter_madgwick/build/CMakeFiles/CMakeTmp'
/usr/bin/make -f CMakeFiles/cmTryCompileExec4235969233.dir/build.make CMakeFiles/cmTryCompileExec4235969233.dir/build
make[2]: Entering directory `/home/andy/catkin_ws/src/anglerfish/imu_filter_madgwick/build/CMakeFiles/CMakeTmp'
/usr/bin/cmake -E cmake_progress_report /home/andy/catkin_ws/src/anglerfish/imu_filter_madgwick/build/CMakeFiles/CMakeTmp/CMakeFiles 1
Building C object CMakeFiles/cmTryCompileExec4235969233.dir/CheckSymbolExists.c.o
/usr/bin/cc    -o CMakeFiles/cmTryCompileExec4235969233.dir/CheckSymbolExists.c.o   -c /home/andy/catkin_ws/src/anglerfish/imu_filter_madgwick/build/CMakeFiles/CMakeTmp/CheckSymbolExists.c
Linking C executable cmTryCompileExec4235969233
/usr/bin/cmake -E cmake_link_script CMakeFiles/cmTryCompileExec4235969233.dir/link.txt --verbose=1
/usr/bin/cc       CMakeFiles/cmTryCompileExec4235969233.dir/CheckSymbolExists.c.o  -o cmTryCompileExec4235969233 -rdynamic 
CMakeFiles/cmTryCompileExec4235969233.dir/CheckSymbolExists.c.o: In function `main':
CheckSymbolExists.c:(.text+0x16): undefined reference to `pthread_create'
collect2: error: ld returned 1 exit status
make[2]: *** [cmTryCompileExec4235969233] Error 1
make[2]: Leaving directory `/home/andy/catkin_ws/src/anglerfish/imu_filter_madgwick/build/CMakeFiles/CMakeTmp'
make[1]: Leaving directory `/home/andy/catkin_ws/src/anglerfish/imu_filter_madgwick/build/CMakeFiles/CMakeTmp'
make[1]: *** [cmTryCompileExec4235969233/fast] Error 2

File /home/andy/catkin_ws/src/anglerfish/imu_filter_madgwick/build/CMakeFiles/CMakeTmp/CheckSymbolExists.c:
/* */
#include <pthread.h>

int main(int argc, char** argv)
{
  (void)argv;
#ifndef pthread_create
  return ((int*)(&pthread_create))[argc];
#else
  (void)argc;
  return 0;
#endif
}

Determining if the function pthread_create exists in the pthreads failed with the following output:
Change Dir: /home/andy/catkin_ws/src/anglerfish/imu_filter_madgwick/build/CMakeFiles/CMakeTmp

Run Build Command:/usr/bin/make "cmTryCompileExec1117145488/fast"
make[1]: Entering directory `/home/andy/catkin_ws/src/anglerfish/imu_filter_madgwick/build/CMakeFiles/CMakeTmp'
/usr/bin/make -f CMakeFiles/cmTryCompileExec1117145488.dir/build.make CMakeFiles/cmTryCompileExec1117145488.dir/build
make[2]: Entering directory `/home/andy/catkin_ws/src/anglerfish/imu_filter_madgwick/build/CMakeFiles/CMakeTmp'
/usr/bin/cmake -E cmake_progress_report /home/andy/catkin_ws/src/anglerfish/imu_filter_madgwick/build/CMakeFiles/CMakeTmp/CMakeFiles 1
Building C object CMakeFiles/cmTryCompileExec1117145488.dir/CheckFunctionExists.c.o
/usr/bin/cc   -DCHECK_FUNCTION_EXISTS=pthread_create   -o CMakeFiles/cmTryCompileExec1117145488.dir/CheckFunctionExists.c.o   -c /usr/share/cmake-2.8/Modules/CheckFunctionExists.c
Linking C executable cmTryCompileExec1117145488
/usr/bin/cmake -E cmake_link_script CMakeFiles/cmTryCompileExec1117145488.dir/link.txt --verbose=1
/usr/bin/cc   -DCHECK_FUNCTION_EXISTS=pthread_create    CMakeFiles/cmTryCompileExec1117145488.dir/CheckFunctionExists.c.o  -o cmTryCompileExec1117145488 -rdynamic -lpthreads 
/usr/bin/ld: cannot find -lpthreads
collect2: error: ld returned 1 exit status
make[2]: *** [cmTryCompileExec1117145488] Error 1
make[2]: Leaving directory `/home/andy/catkin_ws/src/anglerfish/imu_filter_madgwick/build/CMakeFiles/CMakeTmp'
make[1]: *** [cmTryCompileExec1117145488/fast] Error 2
make[1]: Leaving directory `/home/andy/catkin_ws/src/anglerfish/imu_filter_madgwick/build/CMakeFiles/CMakeTmp'


